<?xml version="1.0" encoding="UTF-8"?>
<!-- Generated by org.testng.reporters.JUnitXMLReporter -->
<testsuite ignored="0" hostname="DESKTOP-PG7NEKE" failures="0" tests="15" name="Test" time="15.028" errors="0" timestamp="2023-05-25T17:36:09 IST">
  <testcase classname="TestNG.FrameWorktestNg" name="firttestcase" time="0.015"/>
  <testcase classname="TestNG.FrameWorktestNg" name="fourthTestcase" time="0.002"/>
  <testcase classname="TestNG.FrameWorktestNg" name="secondTestcase" time="0.003"/>
  <testcase classname="TestNG.SkipAtestCase$PriorityTestNG" name="starThecar" time="0.002"/>
  <testcase classname="TestNG.FrameWorktestNg" name="tirdTestcase" time="0.002"/>
  <testcase classname="TestNG.PriorityTestNG" name="starThecar" time="0.001"/>
  <testcase classname="TestNG.SkipAtestCase$PriorityTestNG" name="putfirstGear" time="0.001"/>
  <testcase classname="TestNG.PriorityTestNG" name="putfirstGear" time="0.001"/>
  <testcase classname="TestNG.SkipAtestCase$PriorityTestNG" name="putSecondGear" time="0.001"/>
  <testcase classname="TestNG.PriorityTestNG" name="putSecondGear" time="0.01"/>
  <testcase classname="TestNG.SkipAtestCase$PriorityTestNG" name="putthirdGear" time="0.007">
    <skipped/>
  </testcase> <!-- putthirdGear -->
  <testcase classname="TestNG.PriorityTestNG" name="putthirdGear" time="0.005"/>
  <testcase classname="TestNG.SuiteExample" name="opengoogle" time="5.748"/>
  <testcase classname="TestNG.SuiteExample" name="openBing" time="3.527"/>
  <testcase classname="TestNG.SuiteExample" name="openYahoo" time="5.59"/>
</testsuite> <!-- Test -->
